shikewang/proguard_logs/seeds.txt
com.yshow.shike.utils.DataSeleUtil$Data_Seltor_Listening
com.yshow.shike.utils.DataSeleUtil$Data_Seltor_Listening: void onClickLeft(java.lang.String,java.lang.String,java.lang.String)
com.yshow.shike.utils.DataSeleUtil$DateArrayAdapter
com.yshow.shike.utils.DataSeleUtil$DateArrayAdapter: int currentValue
com.yshow.shike.utils.DataSeleUtil$DateArrayAdapter: int month_currentItem
com.yshow.shike.utils.DataSeleUtil$DateArrayAdapter: com.yshow.shike.utils.DataSeleUtil this$0
com.yshow.shike.utils.DataSeleUtil$DateArrayAdapter: DataSeleUtil$DateArrayAdapter(com.yshow.shike.utils.DataSeleUtil,android.content.Context,java.lang.String[],int)
com.yshow.shike.utils.DataSeleUtil$DateArrayAdapter: void configureTextView(android.widget.TextView)
com.yshow.shike.utils.DataSeleUtil$DateArrayAdapter: android.view.View getItem(int,android.view.View,android.view.ViewGroup)
com.yshow.shike.utils.DataSeleUtil$DateNumericAdapter
com.yshow.shike.utils.DataSeleUtil$DateNumericAdapter: int day_currentItem
com.yshow.shike.utils.DataSeleUtil$DateNumericAdapter: int currentValue
com.yshow.shike.utils.DataSeleUtil$DateNumericAdapter: com.yshow.shike.utils.DataSeleUtil this$0
com.yshow.shike.utils.DataSeleUtil$DateNumericAdapter: DataSeleUtil$DateNumericAdapter(com.yshow.shike.utils.DataSeleUtil,android.content.Context,int,int,int)
com.yshow.shike.utils.DataSeleUtil$DateNumericAdapter: void configureTextView(android.widget.TextView)
com.yshow.shike.utils.DataSeleUtil$DateNumericAdapter: java.lang.CharSequence getItemText(int)
com.yshow.shike.utils.DataSeleUtil$DateNumericAdapter: android.view.View getItem(int,android.view.View,android.view.ViewGroup)
com.yshow.shike.utils.DateUtils
com.yshow.shike.utils.DateUtils: java.text.SimpleDateFormat sSimpleDateFormat
com.yshow.shike.utils.DateUtils: DateUtils()
com.yshow.shike.utils.DateUtils: java.lang.String formatDate(java.util.Date)
com.yshow.shike.utils.DateUtils: java.lang.String formatDateH(java.util.Date)
com.yshow.shike.utils.DateUtils: java.lang.String formatDate(java.util.Date,java.text.DateFormat)
com.yshow.shike.utils.DateUtils: java.lang.String formatDateL(java.util.Date)
com.yshow.shike.utils.DateUtils: java.lang.String formatDateM(java.util.Date)
com.yshow.shike.utils.DateUtils: java.lang.String formatDateY(java.util.Date)
com.yshow.shike.utils.DateUtils: java.lang.String formatDateTime(java.util.Date)
com.yshow.shike.utils.DateUtils: java.lang.String formatDateCN(java.util.Date)
com.yshow.shike.utils.DateUtils: java.lang.String formatDateDifference(java.util.Date)
com.yshow.shike.utils.DateUtils: java.util.Date parseDate(java.lang.String)
com.yshow.shike.utils.DateUtils: java.lang.Long getCurData()
com.yshow.shike.utils.DateUtils: java.lang.Long get12Befor()
com.yshow.shike.utils.DateUtils: java.lang.Long get48Befor()
com.yshow.shike.utils.DateUtils: java.lang.Long getMonthBefor()
com.yshow.shike.utils.DateUtils: java.lang.Long getWeekBefor()
com.yshow.shike.utils.Delete_Ques_Utile
com.yshow.shike.utils.Delete_Ques_Utile: com.yshow.shike.utils.Delete_Ques_Utile delete_ques
com.yshow.shike.utils.Delete_Ques_Utile: Delete_Ques_Utile()
com.yshow.shike.utils.Delete_Ques_Utile: com.yshow.shike.utils.Delete_Ques_Utile getIntence()
com.yshow.shike.utils.Delete_Ques_Utile: void Delete_Classify_File(java.util.ArrayList,java.lang.String,int,android.widget.BaseAdapter,android.content.Context)
com.yshow.shike.utils.Delete_Ques_Utile: void Delete_File(android.content.Context,java.lang.String,java.util.ArrayList,int,android.widget.BaseAdapter)
com.yshow.shike.utils.Delete_Ques_Utile: void stu_Delete_File(android.content.Context,java.lang.String,java.util.ArrayList,int,android.support.v4.view.PagerAdapter)
com.yshow.shike.utils.Delete_Ques_Utile: void Delete_Res(android.content.Context,java.lang.String,java.util.ArrayList,int,android.support.v4.view.PagerAdapter)
com.yshow.shike.utils.Delete_Ques_Utile: void <clinit>()