shikewang/proguard_logs/mapping.txt
android.support.v4.view.accessibility.AccessibilityNodeProviderCompatJellyBean -> android.support.v4.view.accessibility.AccessibilityNodeProviderCompatJellyBean:
    38:38:java.lang.Object newAccessibilityNodeProviderBridge(android.support.v4.view.accessibility.AccessibilityNodeProviderCompatJellyBean$AccessibilityNodeInfoBridge) -> newAccessibilityNodeProviderBridge
android.support.v4.view.accessibility.AccessibilityNodeProviderCompatJellyBean$1 -> android.support.v4.view.accessibility.AccessibilityNodeProviderCompatJellyBean$1:
    android.support.v4.view.accessibility.AccessibilityNodeProviderCompatJellyBean$AccessibilityNodeInfoBridge val$bridge -> val$bridge
    41:41:android.view.accessibility.AccessibilityNodeInfo createAccessibilityNodeInfo(int) -> createAccessibilityNodeInfo
    49:49:java.util.List findAccessibilityNodeInfosByText(java.lang.String,int) -> findAccessibilityNodeInfosByText
    55:55:boolean performAction(int,int,android.os.Bundle) -> performAction
android.support.v4.view.accessibility.AccessibilityNodeProviderCompatJellyBean$AccessibilityNodeInfoBridge -> android.support.v4.view.accessibility.AccessibilityNodeProviderCompatJellyBean$AccessibilityNodeInfoBridge:
    java.lang.Object createAccessibilityNodeInfo(int) -> createAccessibilityNodeInfo
    boolean performAction(int,int,android.os.Bundle) -> performAction
    java.util.List findAccessibilityNodeInfosByText(java.lang.String,int) -> findAccessibilityNodeInfosByText
android.support.v4.view.accessibility.AccessibilityRecordCompat -> android.support.v4.view.accessibility.AccessibilityRecordCompat:
    android.support.v4.view.accessibility.AccessibilityRecordCompat$AccessibilityRecordImpl IMPL -> IMPL
    java.lang.Object mRecord -> mRecord
    531:531:java.lang.Object getImpl() -> getImpl
    542:542:android.support.v4.view.accessibility.AccessibilityRecordCompat obtain(android.support.v4.view.accessibility.AccessibilityRecordCompat) -> obtain
    552:552:android.support.v4.view.accessibility.AccessibilityRecordCompat obtain() -> obtain
    563:564:void setSource(android.view.View) -> setSource
    581:582:void setSource(android.view.View,int) -> setSource
    597:597:android.support.v4.view.accessibility.AccessibilityNodeInfoCompat getSource() -> getSource
    606:606:int getWindowId() -> getWindowId
    615:615:boolean isChecked() -> isChecked
    626:627:void setChecked(boolean) -> setChecked
    635:635:boolean isEnabled() -> isEnabled
    646:647:void setEnabled(boolean) -> setEnabled
    655:655:boolean isPassword() -> isPassword
    666:667:void setPassword(boolean) -> setPassword
    675:675:boolean isFullScreen() -> isFullScreen
    686:687:void setFullScreen(boolean) -> setFullScreen
    695:695:boolean isScrollable() -> isScrollable
    706:707:void setScrollable(boolean) -> setScrollable
    715:715:int getItemCount() -> getItemCount
    726:727:void setItemCount(int) -> setItemCount