shikewang/proguard_logs/usage.txt
u.aly.af:
    181:186:public af(u.aly.J,u.aly.I,u.aly.K,u.aly.X)
    191:227:public af(u.aly.af)
    230:230:public u.aly.af a()
    235:244:public void b()
    247:247:public u.aly.J c()
    256:257:public void d()
    261:261:public boolean e()
    271:271:public u.aly.I f()
    280:281:public void h()
    285:285:public boolean i()
    295:295:public u.aly.K j()
    304:305:public void k()
    309:309:public boolean l()
    319:319:public u.aly.X m()
    328:329:public void n()
    333:333:public boolean o()
    343:343:public u.aly.H p()
    352:353:public void q()
    371:371:public java.util.Iterator t()
    386:387:public u.aly.af a(java.util.List)
    391:392:public void v()
    406:406:public int x()
    410:410:public java.util.Iterator y()
    425:426:public u.aly.af b(java.util.List)
    430:431:public void A()
    445:445:public u.aly.T C()
    454:455:public void D()
    469:469:public u.aly.S F()
    478:479:public void G()
    493:493:public u.aly.af$e a(int)
    634:638:private void a(java.io.ObjectOutputStream)
    642:646:private void a(java.io.ObjectInputStream)
    1:1:public synthetic u.aly.aG b(int)
    1:1:public synthetic u.aly.az g()
u.aly.af$e:
    85:105:public static u.aly.af$e a(int)
    114:116:public static u.aly.af$e b(int)
    123:123:public static u.aly.af$e a(java.lang.String)
u.aly.ag:
    private static final int l
    151:163:public ag(u.aly.ag)
    166:166:public u.aly.ag a()
    171:176:public void b()
    183:183:public u.aly.P c()
    196:197:public void d()
    211:211:public int f()
    221:222:public void h()
    234:234:public java.lang.String j()
    243:244:public void k()
    258:258:public java.lang.String m()
    267:268:public void n()
    282:282:public u.aly.ag$e c(int)
    344:348:private void a(java.io.ObjectOutputStream)
    353:358:private void a(java.io.ObjectInputStream)
    1:1:public synthetic u.aly.aG b(int)
    1:1:public synthetic u.aly.az g()
u.aly.ag$e:
    78:88:public static u.aly.ag$e a(int)
    97:99:public static u.aly.ag$e b(int)
    106:106:public static u.aly.ag$e a(java.lang.String)
u.aly.ah:
    private static final int v
    private static final int w
    private static final int x
    189:202:public ah(java.lang.String,java.lang.String,java.lang.String,int,int,int,java.nio.ByteBuffer,java.lang.String,java.lang.String)
    207:231:public ah(u.aly.ah)
    234:234:public u.aly.ah a()
    239:251:public void b()
    254:254:public java.lang.String c()
    263:264:public void d()
    268:268:public boolean e()
    278:278:public java.lang.String f()
    287:288:public void h()
    292:292:public boolean i()
    302:302:public java.lang.String j()
    311:312:public void k()
    316:316:public boolean l()
    326:326:public int m()
    336:337:public void n()
    349:349:public int p()
    359:360:public void q()
    372:372:public int s()
    382:383:public void t()
    395:396:public byte[] v()
    400:400:public java.nio.ByteBuffer w()
    414:415:public void x()
    419:419:public boolean y()
    429:429:public java.lang.String z()
    438:439:public void A()
    443:443:public boolean B()
    453:453:public java.lang.String C()
    462:463:public void D()
    467:467:public boolean E()
    477:477:public u.aly.ah$e e(int)
    584:588:private void a(java.io.ObjectOutputStream)
    593:598:private void a(java.io.ObjectInputStream)
    1:1:public synthetic u.aly.aG b(int)
    1:1:public synthetic u.aly.az g()
u.aly.ah$e:
    87:107:public static u.aly.ah$e a(int)
    116:118:public static u.aly.ah$e b(int)
    125:125:public static u.aly.ah$e a(java.lang.String)